<?xml version="1.0" encoding="UTF-8" ?>
<testsuite tests="75" failures="0" name="examples.ExamplesTest" time="0.014" errors="0" skipped="0">
  <properties>
[...]
</properties>
  <testcase classname="Scenario: First country should be Afghanistan" name="* url &apos;https://restcountries.eu/rest/v2&apos;" time="0.003"/>
  <testcase classname="Scenario: First country should be Afghanistan" name="Given path &apos;all&apos;" time="0"/>
  <testcase classname="Scenario: First country should be Afghanistan" name="When method get" time="0.003"/>
  <testcase classname="Scenario: First country should be Afghanistan" name="Then status 200" time="0.001"/>
  <testcase classname="Scenario: First country should be Afghanistan" name="And json responseJson = response" time="0"/>
  <testcase classname="Scenario: First country should be Afghanistan" name="And def firstCountryName = responseJson[0].name" time="0"/>
  <testcase classname="Scenario: First country should be Afghanistan" name="* assert firstCountryName == &apos;Afghanistan&apos;" time="0"/>
  <testcase classname="Scenario: First country should be Afghanistan" name="Scenario: First country should be Afghanistan" time="0"/>
  <testcase classname="Scenario: Search by country name" name="* url &apos;https://restcountries.eu/rest/v2&apos;" time="0"/>
  <testcase classname="Scenario: Search by country name" name="Given path &apos;name&apos;,&apos;India&apos;" time="0"/>
  <testcase classname="Scenario: Search by country name" name="When method get" time="0"/>
  <testcase classname="Scenario: Search by country name" name="Then status 200" time="0"/>
  <testcase classname="Scenario: Search by country name" name="And json countries = response" time="0"/>
  <testcase classname="Scenario: Search by country name" name="* assert countries.length == 2" time="0"/>
  <testcase classname="Scenario: Search by country name" name="* assert countries[0].name == &apos;British Indian Ocean Territory&apos;" time="0"/>
  <testcase classname="Scenario: Search by country name" name="* assert countries[1].name == &apos;India&apos;" time="0"/>
  <testcase classname="Scenario: Search by country name" name="Scenario: Search by country name" time="0"/>
  <testcase classname="Scenario: Search by country full name" name="* url &apos;https://restcountries.eu/rest/v2&apos;" time="0"/>
  <testcase classname="Scenario: Search by country full name" name="Given path &apos;name&apos;,&apos;aruba&apos;" time="0"/>
  <testcase classname="Scenario: Search by country full name" name="When method get" time="0"/>
  <testcase classname="Scenario: Search by country full name" name="Then status 200" time="0"/>
  <testcase classname="Scenario: Search by country full name" name="And json responseJson = response" time="0"/>
  <testcase classname="Scenario: Search by country full name" name="And def countryname = responseJson[0].name" time="0"/>
  <testcase classname="Scenario: Search by country full name" name="* assert countryname == &apos;Aruba&apos;" time="0"/>
  <testcase classname="Scenario: Search by country full name" name="Scenario: Search by country full name" time="0"/>
  <testcase classname="Scenario: Search by ISO 2-letter or 3-letter country code" name="* url &apos;https://restcountries.eu/rest/v2&apos;" time="0"/>
  <testcase classname="Scenario: Search by ISO 2-letter or 3-letter country code" name="Given path &apos;alpha&apos;,&apos;aw&apos;" time="0"/>
  <testcase classname="Scenario: Search by ISO 2-letter or 3-letter country code" name="When method get" time="0"/>
  <testcase classname="Scenario: Search by ISO 2-letter or 3-letter country code" name="Then status 200" time="0"/>
  <testcase classname="Scenario: Search by ISO 2-letter or 3-letter country code" name="And json responseJson = response" time="0"/>
  <testcase classname="Scenario: Search by ISO 2-letter or 3-letter country code" name="And def countryname = responseJson.name" time="0"/>
  <testcase classname="Scenario: Search by ISO 2-letter or 3-letter country code" name="* assert countryname == &apos;Aruba&apos;" time="0.001"/>
  <testcase classname="Scenario: Search by ISO 2-letter or 3-letter country code" name="Scenario: Search by ISO 2-letter or 3-letter country code" time="0.001"/>
  <testcase classname="Scenario: Search by list of ISO 2-letter or 3-letter country codes" name="* url &apos;https://restcountries.eu/rest/v2&apos;" time="0"/>
  <testcase classname="Scenario: Search by list of ISO 2-letter or 3-letter country codes" name="Given path &apos;alpha&apos;" time="0"/>
  <testcase classname="Scenario: Search by list of ISO 2-letter or 3-letter country codes" name="And param codes = &apos;col;no;es&apos;" time="0"/>
  <testcase classname="Scenario: Search by list of ISO 2-letter or 3-letter country codes" name="When method get" time="0"/>
  <testcase classname="Scenario: Search by list of ISO 2-letter or 3-letter country codes" name="Then status 200" time="0.001"/>
  <testcase classname="Scenario: Search by list of ISO 2-letter or 3-letter country codes" name="And json responseJson = response" time="0"/>
  <testcase classname="Scenario: Search by list of ISO 2-letter or 3-letter country codes" name="* assert responseJson.length == 3" time="0"/>
  <testcase classname="Scenario: Search by list of ISO 2-letter or 3-letter country codes" name="* assert responseJson[0].name == &apos;Colombia&apos;" time="0"/>
  <testcase classname="Scenario: Search by list of ISO 2-letter or 3-letter country codes" name="* assert responseJson[1].name == &apos;Norway&apos;" time="0"/>
  <testcase classname="Scenario: Search by list of ISO 2-letter or 3-letter country codes" name="* assert responseJson[2].name == &apos;Spain&apos;" time="0.001"/>
  <testcase classname="Scenario: Search by list of ISO 2-letter or 3-letter country codes" name="Scenario: Search by list of ISO 2-letter or 3-letter country codes" time="0.001"/>
  <testcase classname="Scenario: Search by ISO currency code" name="* url &apos;https://restcountries.eu/rest/v2&apos;" time="0"/>
  <testcase classname="Scenario: Search by ISO currency code" name="Given path &apos;currency&apos;,&apos;cop&apos;" time="0"/>
  <testcase classname="Scenario: Search by ISO currency code" name="When method get" time="0"/>
  <testcase classname="Scenario: Search by ISO currency code" name="Then status 200" time="0"/>
  <testcase classname="Scenario: Search by ISO currency code" name="And json responseJson = response" time="0"/>
  <testcase classname="Scenario: Search by ISO currency code" name="And def countryname = responseJson[0].name" time="0"/>
  <testcase classname="Scenario: Search by ISO currency code" name="* assert countryname == &apos;Colombia&apos;" time="0"/>
  <testcase classname="Scenario: Search by ISO currency code" name="Scenario: Search by ISO currency code" time="0"/>
  <testcase classname="Scenario: Search by capital city" name="* url &apos;https://restcountries.eu/rest/v2&apos;" time="0"/>
  <testcase classname="Scenario: Search by capital city" name="Given path &apos;capital&apos;,&apos;delhi&apos;" time="0"/>
  <testcase classname="Scenario: Search by capital city" name="When method get" time="0"/>
  <testcase classname="Scenario: Search by capital city" name="Then status 200" time="0"/>
  <testcase classname="Scenario: Search by capital city" name="And json responseJson = response" time="0"/>
  <testcase classname="Scenario: Search by capital city" name="And def countryname = responseJson[0].name" time="0"/>
  <testcase classname="Scenario: Search by capital city" name="* assert countryname == &apos;India&apos;" time="0"/>
  <testcase classname="Scenario: Search by capital city" name="Scenario: Search by capital city" time="0"/>
  <testcase classname="Scenario: Search by calling code" name="* url &apos;https://restcountries.eu/rest/v2&apos;" time="0"/>
  <testcase classname="Scenario: Search by calling code" name="Given path &apos;callingcode&apos;,&apos;91&apos;" time="0"/>
  <testcase classname="Scenario: Search by calling code" name="When method get" time="0"/>
  <testcase classname="Scenario: Search by calling code" name="Then status 200" time="0"/>
  <testcase classname="Scenario: Search by calling code" name="And json responseJson = response" time="0"/>
  <testcase classname="Scenario: Search by calling code" name="And def countryname = responseJson[0].name" time="0"/>
  <testcase classname="Scenario: Search by calling code" name="* assert countryname == &apos;India&apos;" time="0"/>
  <testcase classname="Scenario: Search by calling code" name="Scenario: Search by calling code" time="0"/>
  <testcase classname="Scenario: To get total number of countries in region" name="* url &apos;https://restcountries.eu/rest/v2&apos;" time="0.002"/>
  <testcase classname="Scenario: To get total number of countries in region" name="Given path &apos;region&apos;,&apos;europe&apos;" time="0"/>
  <testcase classname="Scenario: To get total number of countries in region" name="When method get" time="0"/>
  <testcase classname="Scenario: To get total number of countries in region" name="Then status 200" time="0"/>
  <testcase classname="Scenario: To get total number of countries in region" name="And json responseJson = response" time="0"/>
  <testcase classname="Scenario: To get total number of countries in region" name="* assert responseJson.length == 53" time="0"/>
  <testcase classname="Scenario: To get total number of countries in region" name="Scenario: To get total number of countries in region" time="0"/>
</testsuite>